make.exe all --print-data-base --no-builtin-variables --no-builtin-rules --question
# GNU Make 3.81
# Copyright (C) 2006  Free Software Foundation, Inc.
# This is free software; see the source for copying conditions.
# There is NO warranty; not even for MERCHANTABILITY or FITNESS FOR A
# PARTICULAR PURPOSE.

# This program built for i386-pc-mingw32
 

# Make data base, printed on Tue Nov 16 21:54:29 2021

# Variables

# automatic
<D = $(patsubst %/,%,$(dir $<))
# automatic
?F = $(notdir $?)
# makefile (from `makefile', line 137)
LDSCRIPT = STM32F103C8Tx_FLASH.ld
# makefile
MAKEFLAGS = Rrqp
# environment
VSCODE_LOG_NATIVE = false
# makefile (from `makefile', line 16)
TARGET = STM32Blinky
# automatic
?D = $(patsubst %/,%,$(dir $?))
# makefile (from `makefile', line 99)
AS_DEFS = 
# makefile (from `makefile', line 108)
AS_INCLUDES = 
# automatic
@D = $(pat 
subst %/,%,$(dir $@))
# environment
HOMEDRIVE = C:
# automatic
@F = $(notdir $@)
# automatic
^D = $(patsubst %/,%,$(dir $^))
# makefile
CURDIR := d:/STM32_VS_Code/STM32Blinky
# default
SHELL := D:/STM32_VS_Code/ARMtools/git/bin/sh.exe
# makefile (from `makefile', line 80)
BIN = $(CP) -O binary -S
# environment
WINDIR = C:\Windows
# environment
VSCODE_NLS_CONFIG = {"locale":"en-us","availableLanguages":{},"_languagePackSupport":true}
# environment
FP_NO_HOST_CHECK = NO
# makefile (from `makefile', line 77)
SZ = $(PREFIX)size
# makefile (from `makefile', line 130)
CFLAGS = $(MCU) $(C_DEFS) $(C_INCLUDES) $(OPT) -Wall -fdata-sections -ffunction-sections -g -gdwarf-2 -MMD -MP -MF"$(@:%.o=%.d)"
# environment
PATHEXT = .COM;.EXE;.BAT;.CMD;.VBS;.VBE;.JS;.JSE;.WSF;.WSH;.MSC
# makefile (from `build/system_stm32f1xx.d', line 1)
MAKEFILE_LIST :=  makefile build/main.d build/startup_stm32f103xb.d build/stm32f1xx_hal.d build/stm32f1xx_hal_cortex.d build/stm32f1xx_hal_dma.d build/stm32f1xx_hal_exti.d build/stm32f1xx_hal_flash.d build/stm32f1xx_hal_flash_ex.d build/stm32f1xx_hal_gpio.d build/stm32f1xx_hal_gpio_ex.d build/stm32f1xx_hal_msp.d build/stm32f1xx_hal_pwr.d build/stm32f1xx_hal_rcc.d build/stm32f1xx_hal_rcc_ex.d build/stm32f1xx_hal_tim.d build/stm32f1xx_hal_tim_ex.d build/stm32f1xx_it.d build/system_stm32f1xx.d
# makefile (from `makefile', line 76)
CP = $(PREFIX)objcopy
# makefile (from `makefile', line 23)
DEBUG = 1
# environment
TMP = C:\Users\VOLTERA\AppData\Local\Temp
# environment
VSCODE_VERBOSE_LOGGING = true
# makefile (from `makefile', line 75)
AS = $(PREFIX)gcc -x assembler-with-cpp
# environment
PROGRAMW6432 = C:\Program Files
# environment
PROGRAMDATA = C:\ProgramData
# environment
VSCODE_IPC_HOOK_EXTHOST = \\.\pipe\vscode-ipc-aff459cc-bb11-4b20-8be2-5c770e52c2ec-sock
# environment
VSCODE_CWD = C:\Users\VOLTERA\AppData\Local\Programs\Microsoft VS Code
# environment
PATH = C:\Program Files (x86)\Common Files\Oracle\Java\javapath;C:\Windows\system32;C:\Windows;C:\Windows\System32\Wbem;C:\Windows\System32\WindowsPowerShell\v1.0\;C:\Program Files\nodejs\;D:\msys64\mingw64\bin;C:\Program Files (x86)\STMicroelectronics\STM32 ST-LINK Utility\ST-LINK Utility;D:\python38\Scripts\;D:\python38\;C:\Users\VOLTERA\AppData\Local\atom\bin;C:\Users\VOLTERA\AppData\Roaming\npm;C:\Users\VOLTERA\AppData\Local\Programs\Microsoft VS Code\bin;D:\STM32_VS_Code\ARMtools\OpenOCD-20210729-0.11.0\bin;D:\STM32_VS_Code\ARMtools\make-3.81\bin;D:\STM32_VS_Code\ARMtools\git\bin;D:\STM32_VS_Code\ARMtools\git\usr\bin
# environment
COMMONPROGRAMW6 
432 = C:\Program Files\Common Files
# environment
PROCESSOR_ARCHITECTURE = x86
# environment
USERPROFILE = C:\Users\VOLTERA
# environment
ALLUSERSPROFILE = C:\ProgramData
# environment
VSCODE_LOG_STACK = false
# environment
NUMBER_OF_PROCESSORS = 4
# environment
ELECTRON_RUN_AS_NODE = 1
# makefile (from `makefile', line 142)
LDFLAGS = $(MCU) -specs=nano.specs -T$(LDSCRIPT) $(LIBDIR) $(LIBS) -Wl,-Map=$(BUILD_DIR)/$(TARGET).map,--cref -Wl,--gc-sections
# default
.FEATURES := target-specific order-only second-expansion else-if archives
# automatic
%F = $(notdir $%)
# environment
CHROME_CRASHPAD_PIPE_NAME = \\.\pipe\crashpad_7164_AIJCBALICCHKINOG
# makefile (from `makefile', line 58)
ASM_SOURCES = startup_stm32f103xb.s
# makefile (from `makefile', line 25)
OPT = -Og
# environment
VSCODE_PIPE_LOGGING = true
# environment
COMPUTERNAME = VOLTERAIOT
# environment
PROGRAMFILES = C:\Program Files (x86)
# environment
ORIGINAL_XDG_CURRENT_DESKTOP = undefined
# environment
USERNAME = VOLTERA
# environment
PUBLIC = C:\Users\Public
# environment
VSCODE_AMD_ENTRYPOINT = vs/workbench/services/extensions/node/extensionHostProcess
# environment
VSCODE_CODE_CACHE_PATH = C:\Users\VOLTERA\AppData\Roaming\Code\CachedData\3a6960b964327f0e3882ce18fcebd07ed191b316
# environment
APPLICATION_INSIGHTS_NO_DIAGNOSTIC_CHANNEL = true
# environment
COMMONPROGRAMFILES = C:\Program Files (x86)\Common Files
# environment
LOGONSERVER = \\MicrosoftAccount
# makefile (from `makefile', line 65)
PREFIX = arm-none-eabi-
# environment
VSCODE_HANDLES_UNCA 
UGHT_ERRORS = true
# environment
USERDOMAIN = VOLTERAIOT
# makefile (from `makefile', line 102)
C_DEFS = -DUSE_HAL_DRIVER -DSTM32F103xB
# makefile (from `makefile', line 95)
MCU = $(CPU) -mthumb $(FPU) $(FLOAT-ABI)
# makefile (from `makefile', line 111)
C_INCLUDES = -ICore/Inc -IDrivers/STM32F1xx_HAL_Driver/Inc -IDrivers/STM32F1xx_HAL_Driver/Inc/Legacy -IDrivers/CMSIS/Device/ST/STM32F1xx/Include -IDrivers/CMSIS/Include
# default
MAKE = $(MAKE_COMMAND)
# default
MAKECMDGOALS := all
# makefile (from `makefile', line 79)
HEX = $(CP) -O ihex
# makefile (from `makefile', line 74)
CC = $(PREFIX)gcc
# makefile (from `makefile', line 32)
BUILD_DIR = build
# makefile (from `makefile', line 120)
ASFLAGS = $(MCU) $(AS_DEFS) $(AS_INCLUDES) $(OPT) -Wall -fdata-sections -ffunction-sections
# default
MAKE_VERSION := 3.81
# makefile
.DEFAULT_GOAL := all
# environment
PROGRAMFILES(X86) = C:\Program Files (x86)
# automatic
%D = $(patsubst %/,%,$(dir $%))
# makefile (from `makefile', line 86)
CPU = -mcpu=cortex-m3
# environment
LOCALAPPDATA = C:\Users\VOLTERA\AppData\Local
# environment
PSMODULEPATH = C:\Windows\system32\WindowsPowerShell\v1.0\Modules\
# default
MAKE_COMMAND := make.exe
# environment
PROCESSOR_ARCHITEW6432 = AMD64
# makefile (from `makefile', line 141)
LIBDIR = 
# default
.VARIABLES := 
# automatic
*F = $(notdir $*)
# environment
PROCESSOR_IDENTIFIER = Intel64 Family 6 Model 42 Stepping 7, GenuineIntel
# environment
OS = Windows_NT
# environment
VSCODE_IPC_HOOK = \\.\pipe\cfdef5ec8abd2342b11a2793a8491882-1.62.2-m 
ain-sock
# environment
PYTHONPATH = C:\Users\VOLTERA\Anaconda3\Lib
# environment
HOMEPATH = \Users\VOLTERA
# environment
COMMONPROGRAMFILES(X86) = C:\Program Files (x86)\Common Files
# environment
PROMPT = $P$G
# environment
MFLAGS = -Rrqp
# automatic
*D = $(patsubst %/,%,$(dir $*))
# environment
SYSTEMROOT = C:\Windows
# automatic
+D = $(patsubst %/,%,$(dir $+))
# automatic
+F = $(notdir $+)
# environment
APPDATA = C:\Users\VOLTERA\AppData\Roaming
# environment
TEMP = C:\Users\VOLTERA\AppData\Local\Temp
# environment
COMSPEC = C:\Windows\system32\cmd.exe
# default
MAKEFILES := 
# environment
ARMGCC_DIR = D:\STM32_VS_Code\ARMtools\gcc-arm-none-eabi-10.3-2021.10\bin
# automatic
<F = $(notdir $<)
# environment
LC_ALL = C
# makefile (from `makefile', line 140)
LIBS = -lc -lm -lnosys 
# automatic
^F = $(notdir $^)
# makefile (from `makefile', line 38)
C_SOURCES = Core/Src/main.c Core/Src/stm32f1xx_it.c Core/Src/stm32f1xx_hal_msp.c Drivers/STM32F1xx_HAL_Driver/Src/stm32f1xx_hal_gpio_ex.c Drivers/STM32F1xx_HAL_Driver/Src/stm32f1xx_hal_tim.c Drivers/STM32F1xx_HAL_Driver/Src/stm32f1xx_hal_tim_ex.c Drivers/STM32F1xx_HAL_Driver/Src/stm32f1xx_hal.c Drivers/STM32F1xx_HAL_Driver/Src/stm32f1xx_hal_rcc.c Drivers/STM32F1xx_HAL_Driver/Src/stm32f1xx_hal_rcc_ex.c Drivers/STM32F1xx_HAL_Driver/Src/stm32f1xx_hal_gpio.c Drivers/STM32F1xx_HAL_Driver/Src/stm32f1xx_hal_dma.c Drivers/STM32F1xx_HAL_Driver/Src/stm32f1xx_hal_cortex.c Drivers/STM32F1xx_HAL_Driver/Src/stm32f1xx_hal_pwr.c Drivers/STM32F1xx_HAL_Driver/Src/stm32f1xx_hal_flash.c Drivers/STM32F1xx_HAL_Driver/Src/stm32f1xx_hal_flash_ex.c Drivers/STM32F1xx_HAL_Driver/Src/stm32f1xx_hal_exti.c Core/Src/system_stm32f1xx.c
# default
SUFFIXES := 
# environment
SYSTEMDRIVE = C:
# environment
SESSIONNAME = Console
# environment
PROCESSOR_REVISION = 2a07
# environment
MAKELEVEL := 0
# makefile (from `makefile', line 155)
OBJECTS = $(addprefix $(BUILD_DIR)/,$(notdir $(C_SOURCES:.c=.o))) $(addprefix $(BUILD_DIR)/,$(notdir $(ASM_SOURCES:.s=.o)))
# environment
LANG = C
# environment
PROCESSOR_LEV 
EL = 6
# environment
VSCODE_PID = 7164
# environment
USERDOMAIN_ROAMINGPROFILE = VOLTERAIOT
# variable set hash-table stats:
# Load=113/1024=11%, Rehash=0, Collisions=13/216=6%

# Pattern-specific Variable Values

# No pattern-specific variable values.

# Directories

# C:\Windows\System32\WindowsPowerShell\v1.0\ (key C:/Windows/System32/WindowsPowerShell/v1.0/, mtime 1416586657): 30 files, no impossibilities.
# C:\Windows\System32\Wbem (key C:/Windows/System32/Wbem, mtime 1631858798): 166 files, no impossibilities.
# . (key d:/STM32_VS_Code/STM32Blinky, mtime 1637046952): 11 files, no impossibilities.
# Core/Src (key d:/STM32_VS_Code/STM32Blinky/Core/Src, mtime 1637046945): No files, no impossibilities so far.
# C:\Program Files (x86)\STMicroelectronics\STM32 ST-LINK Utility\ST-LINK Utility (key C:/Program Files (x86)/STMicroelectronics/STM32 ST-LINK Utility/ST-LINK Utility, mtime 1632137657): 12 files, no impossibilities.
# C:\Program Files\nodejs\ (key C:/Program Files/nodejs/, mtime 1598970098): 11 files, 
 no impossibilities.
# build (key d:/STM32_VS_Code/STM32Blinky/build, mtime 1636994797): 59 files, no impossibilities.
# D:\STM32_VS_Code\ARMtools\make-3.81\bin (key D:/STM32_VS_Code/ARMtools/make-3.81/bin, mtime 1164412636): 5 files, no impossibilities.
# C:\Program Files (x86)\Common Files\Oracle\Java\javapath (key C:/Program Files (x86)/Common Files/Oracle/Java/javapath, mtime 1627554212): 5 files, no impossibilities.
# C:\Windows (key C:/Windows, mtime 1632052430): 102 files, no impossibilities.
# C:\Users\VOLTERA\AppData\Local\atom\bin: could not be stat'd.
# D:\STM32_VS_Code\ARMtools\OpenOCD-20210729-0.11.0\bin (key D:/STM32_VS_Code/ARMtools/OpenOCD-20210729-0.11.0/bin, mtime 1627615070): 7 files, no impossibilities.
# D:\python38\: could not be stat'd.
# C:\Users\VOLTERA\AppData\Local\Programs\Microsoft VS Code\bin (key C:/Users/VOLTERA/AppData/Local/Programs/Microsoft VS Code/bin, mtime 1636715358): 4 files, no impossibilities.
# C:\Users\VOLTERA\AppData\Roaming\npm (key C:/Users/VOLTERA/AppData/Roami 
ng/npm, mtime 1600335100): 6 files, no impossibilities.
# D:\python38\Scripts\: could not be stat'd.
# D:\msys64\mingw64\bin (key D:/msys64/mingw64/bin, mtime 1627557771): 218 files, no impossibilities.
# C:\Windows\system32 (key C:/Windows/system32, mtime 1636723279): 3168 files, no impossibilities.
# D:\STM32_VS_Code\ARMtools\git\bin (key D:/STM32_VS_Code/ARMtools/git/bin, mtime 1634167657): 5 files, no impossibilities so far.
# Drivers/STM32F1xx_HAL_Driver/Src (key d:/STM32_VS_Code/STM32Blinky/Drivers/STM32F1xx_HAL_Driver/Src, mtime 1637046947): No files, no impossibilities so far.

# 3809 files, no impossibilities in 20 directories.

# Implicit Rules

build/%.o: %.c Makefile | build
#  commands to execute (from `makefile', line 159):
	$(CC) -c $(CFLAGS) -Wa,-a,-ad,-alms=$(BUILD_DIR)/$(notdir $(<:.c=.lst)) $< -o $@
	

build/%.o: %.s Makefile | build
#  commands to execute (from `makefile', line 162):
	$(AS) -c $(CFLAGS) $< -o $@
	

build/%.hex: build/%.elf | build
#  commands to execute (from `makefile', l 
ine 169):
	$(HEX) $< $@
	

build/%.bin: build/%.elf | build
#  commands to execute (from `makefile', line 172):
	$(BIN) $< $@	
	

# 4 implicit rules, 0 (0.0%) terminal.

# Files

# Not a target:
build/stm32f1xx_hal_gpio_ex.d:
#  A default, MAKEFILES, or -include/sinclude makefile.
#  Implicit rule search has been done.
#  Last modified 2021-11-14 19:50:49
#  File has been updated.
#  Successfully updated.
# variable set hash-table stats:
# Load=0/32=0%, Rehash=0, Collisions=0/0=0%

# Not a target:
build/stm32f1xx_hal_rcc_ex.d:
#  A default, MAKEFILES, or -include/sinclude makefile.
#  Implicit rule search has been done.
#  Last modified 2021-11-14 19:50:50
#  File has been updated.
#  Successfully updated.
# variable set hash-table stats:
# Load=0/32=0%, Rehash=0, Collisions=0/0=0%

build/stm32f1xx_hal_msp.o: Core/Src/stm32f1xx_hal_msp.c Core/Inc/main.h Drivers/STM32F1xx_HAL_Driver/Inc/stm32f1xx_hal.h Core/Inc/stm32f1xx_hal_conf.h Drivers/STM32F1xx_HAL_Driver/Inc/stm32f1xx_hal_rcc.h Drivers/STM32F1xx_HAL_Driver/Inc/stm32f1xx_hal_def.h Drivers/CMSIS/Device/ST/STM32F1xx/Include/stm32f1xx.h Drivers/CMSIS/Device/ST/STM32F1xx/Include/stm32f103xb.h Drivers/CMSIS/Include/core_cm3.h Drivers/CMSIS/Include/cmsis_version.h Drivers/CMSIS/Include/cmsis_compiler.h Drivers/CMSIS/Include/cmsis_gcc.h Drivers/CMSIS/Device/ST/STM32F1xx/Include/system_stm32f1xx.h Drivers/STM32F1xx_HAL_Driver/Inc/Legacy/stm32_hal_legacy.h Drivers/STM32F1xx_HAL_Driver/Inc/stm32f1xx_hal_rcc_ex.h Drivers/STM32F1xx_HAL_Driver/Inc/stm32f1xx_hal_gpio.h Drivers/STM32F1xx_HAL_Driver/Inc/stm32f1xx_hal_gpio_ex.h Drivers/STM32F1xx_HAL_Driver/Inc/stm32f1xx_hal_exti.h Drivers/STM32F1xx_HAL_Driver/Inc/stm32f1xx_hal_dma.h Drivers/STM32F1xx_HAL_Driver/Inc/stm32f1xx_hal_dma_ex.h Drivers/STM32F1xx_HAL_Driver/Inc/stm32f1xx_hal_cortex.h Drivers/STM32F1xx_HAL_Driver/Inc/stm32f1xx_hal_flash.h Drivers/STM32F1xx_HAL_Driver/Inc/stm32f1xx_hal_flash_ex.h Drivers/STM32F1xx_HAL_Driver/Inc/stm32f1xx_hal_pwr.h
#  Implicit rule search has not been done.
#  Modification time never checked.
#  File has not been updated.

# Not a target:
Drivers/STM32F1xx_HAL_Driver/Src/stm32f1xx_hal_gpio.c:
#  Implicit rule search has not been done.
#  Modification time never checked.
#  File has not been updated.

build/main.o: Core/Src/main.c makefile Core/Inc/main.h Drivers/STM32F1xx_HAL_Driver/Inc/stm32f1xx_hal.h Core/Inc/stm32f1xx_hal_conf.h Drivers/STM32F1xx_HAL_Driver/Inc/stm32f1xx_hal_rcc.h Drivers/STM32F1xx_HAL_Driver/Inc/stm32f1xx_hal_def.h Drivers/CMSIS/Device/ST/STM32F1xx/Include/stm32f1xx.h Drivers/CMSIS/Device/ST/STM32F1xx/Include/stm32f103xb.h Drivers/CMSIS/Include/core_cm3.h Drivers/CMSIS/Include/cmsis_version.h Drivers/CMSIS/Include/cmsis_compiler.h Drivers/CMSIS/Include/cmsis_gcc.h Drivers/CMSIS/Device/ST/STM32F1xx/Include/system_stm32f1xx.h Drivers/STM32F1xx_HAL_Driver/Inc/Legacy/stm32_hal_legacy.h Drivers/STM32F1xx_HAL_Driver/Inc/stm32f1xx_hal_rcc_ex.h Drivers/STM32F1xx_HAL_Driver/Inc/stm32f1xx_hal_gpio.h Drivers/STM32F1xx_HAL_Driver/Inc/stm32f1xx_hal_gpio_ex.h Drivers/STM32F1xx_HAL_Driver/Inc/stm32f1xx_hal_exti.h Drivers/STM32F1xx_HAL_Driver/Inc/stm32f1xx_hal_dma.h Drivers/STM32F1xx_HAL_Driver/Inc/stm32f1xx_hal_dma_ex.h Drivers/STM32F1xx_HAL_Driver/Inc/stm32f1xx_hal_cortex.h Drivers/STM32F1xx_HAL_Driver/Inc/stm32f1xx_hal_flash.h Drivers/STM32F1xx_HAL_Driver/Inc/stm32f1xx_hal_flash_ex.h Drivers/STM32F1xx_HAL_Driver/Inc/stm32f1xx_hal_pwr.h | build
#  Implicit rule search has been done.
#  Implicit/static pattern stem: `main'
#  Last modified 2021-11-15 22:16:36
#  File has been updated.
 
#  Needs to be updated (-q is set).
# automatic
# @ := build/main.o
# automatic
# % := 
# automatic
# * := main
# automatic
# + := Core/Src/main.c makefile Core/Src/main.c Core/Inc/main.h Drivers/STM32F1xx_HAL_Driver/Inc/stm32f1xx_hal.h Core/Inc/stm32f1xx_hal_conf.h Drivers/STM32F1xx_HAL_Driver/Inc/stm32f1xx_hal_rcc.h Drivers/STM32F1xx_HAL_Driver/Inc/stm32f1xx_hal_def.h Drivers/CMSIS/Device/ST/STM32F1xx/Include/stm32f1xx.h Drivers/CMSIS/Device/ST/STM32F1xx/Include/stm32f103xb.h Drivers/CMSIS/Include/core_cm3.h Drivers/CMSIS/Include/cmsis_version.h Drivers/CMSIS/Include/cmsis_compiler.h Drivers/CMSIS/Include/cmsis_gcc.h Drivers/CMSIS/Device/ST/STM32F1xx/Include/system_stm32f1xx.h Drivers/STM32F1xx_HAL_Driver/Inc/Legacy/stm32_hal_legacy.h Drivers/STM32F1xx_HAL_Driver/Inc/stm32f1xx_hal_rcc_ex.h Drivers/STM32F1xx_HAL_Driver/Inc/stm32f1xx_hal_gpio.h Drivers/STM32F1xx_HAL_Driver/Inc/stm32f1xx_hal_gpio_ex.h Drivers/STM32F1xx_HAL_Driver/Inc/stm32f1xx_hal_exti.h Drivers/STM32F1xx_HAL_Driver/Inc/stm32f1xx_hal_dma.h Drivers/STM32F1xx_HAL_Driver/Inc/stm32f1xx_hal_dma_ex.h Drivers/STM32F1xx_HAL_Driver/Inc/stm32f1xx_hal_cortex.h Drivers/STM32F1xx_HAL_Driver/Inc/stm32f1xx_hal_flash.h Drivers/STM32F1xx_HAL_Driver/Inc/stm32f1xx_hal_flash_ex.h Drivers/STM32F1xx_HAL_Driver/Inc/stm32f1xx_hal_pwr.h
# automatic
# | := build
# automatic
# < := Core/Src/main.c
# automatic
# ^ := Core/Src/main.c makefile Core/Inc/main.h Drivers/STM32F1xx_HAL_Driver/Inc/stm32f1xx_hal.h Core/Inc/stm32f1xx_hal_conf.h Drivers/STM32F1xx_HAL_Driver/Inc/stm32f1xx_hal_rcc.h Drivers/STM32F1xx_HAL_Driver/Inc/stm32f1xx_hal_def.h Drivers/CMSIS/Device/ST/STM32F1xx/Include/stm32f1xx.h Drivers/CMSIS/Device/ST/STM32F1xx/Include/stm32f103xb.h Drivers/CMSIS/Include/core_cm3.h Drivers/CMSIS/Include/cmsis_version.h Drivers/CMSIS/Include/cmsis_compiler.h Drivers/CMSIS/Include/cmsis_gcc.h Drivers/CMSIS/Device/ST/STM32F1xx/Include/system_stm32f1xx.h Drivers/STM32F1xx_HAL_Driver/Inc/Legacy/stm32_hal_legacy.h Drivers/STM32F1xx_HAL_Driver/Inc/stm32f1xx_hal_rcc_ex.h Drivers/STM32F1xx_HAL_Driver/Inc/stm32f1xx_hal_gpio.h Drivers/STM32F1xx_HAL_Driver/Inc/stm32f1xx_hal_gpio_ex.h Drivers/STM32F1xx_HAL_Driver/Inc/stm32f1xx_hal_exti.h Drivers/STM32F1xx_HAL_Driver/Inc/stm32f1xx_hal_dma.h Drivers/STM32F1xx_HAL_Driver/Inc/stm32f1xx_hal_dma_ex.h Drivers/STM32F1xx_HAL_Driver/Inc/stm32f1xx_hal_cortex.h Drivers/STM32F1xx_HAL_Driver/Inc/stm32f1xx_hal_flash.h Drivers/STM32F1xx_HAL_Driver/Inc/stm32f1xx_hal_flash_ex.h Drivers/STM32F1xx_HAL_Driver/Inc/stm32f1xx_hal_pwr.h
# automatic
# ? := Core/Src/main.c makefile Core/Inc/main.h Core/Inc/stm32f1xx_hal_conf.h
# variable set hash-table stats:
# Load=8/32=25%, Rehash=0, Collisions=1/25=4%
#  commands to execute (from `makefile', line 159):
	$(CC) -c $(CFLAGS) -Wa,-a,-ad,-alms=$(BUILD_DIR)/$(notdir $(<:.c=.lst)) $< -o $@
	

build/stm32f1xx_hal_gpio.o: Drivers/STM32F1xx_HAL_Driver/Src/stm32f1xx_hal_gpio.c Drivers/STM32F1xx_HAL_Driver/Inc/stm32f1xx_hal.h Core/Inc/stm32f1xx_hal_conf.h Drivers/STM32F1xx_HAL_Driver/Inc/stm32f1xx_hal_rcc.h Drivers/STM32F1xx_HAL_Driver/Inc/stm32f1xx_hal_def.h Drivers/CMSIS/Device/ST/STM32F1xx/Include/stm32f1xx.h Drivers/CMSIS/Device/ST/STM32F1xx/Include/stm32f103xb.h Drivers/CMSIS/Include/core_cm3.h Drivers/CMSIS/Include/cmsis_version.h Drivers/CMSIS/Include/cmsis_compiler.h Drivers/CMSIS/Include/cmsis_gcc.h Drivers/CMSIS/Device/ST/STM32F1xx/Include/system_stm32f1xx.h Drivers/STM32F1xx_HAL_Driver/Inc/Legacy/stm32_hal_legacy.h Drivers/STM32F1xx_HAL_Driver/Inc/stm32f1xx_hal_rcc_ex.h Drivers/STM32F1xx_HAL_Driver/Inc/stm32f1xx_hal_gpio.h Drivers/STM32F1xx_HAL_Driver/Inc/stm32f1xx_hal_gpio_ex.h Drivers/STM32F1xx_HAL_Driver/Inc/stm32f1xx_hal_exti.h Drivers/STM32F1xx_HAL_Driver/Inc/stm32f1xx_hal_dma.h Drivers/STM32F1xx_HAL_Driver/Inc/stm32f1xx_hal_dma_ex.h Drivers/STM32F1xx_HAL_Driver/Inc/stm32f1xx_hal_cortex.h Drivers/STM32F1xx_HAL_Driver/Inc/stm32f1xx_hal_flash.h Drivers/STM32F1xx_HAL_Driver/Inc/stm32f1xx_hal_flash_ex.h Drivers/STM32F1xx_HAL_Driver/Inc/stm32f1xx_hal_pwr.h
#  Implicit rule search has not been done.
#  Modification time nev 
er checked.
#  File has not been updated.

Drivers/STM32F1xx_HAL_Driver/Inc/stm32f1xx_hal_gpio_ex.h:
#  Implicit rule search has been done.
#  Last modified 2021-11-14 10:33:49
#  File has been updated.
#  Successfully updated.
# variable set hash-table stats:
# Load=0/32=0%, Rehash=0, Collisions=0/0=0%

# Not a target:
Core/Src/stm32f1xx_it.c:
#  Implicit rule search has not been done.
#  Modification time never checked.
#  File has not been updated.

# Not a target:
Drivers/STM32F1xx_HAL_Driver/Src/stm32f1xx_hal.c:
#  Implicit rule search has not been done.
#  Modification time never checked.
#  File has not been updated.

build/stm32f1xx_hal.o: Drivers/STM32F1xx_HAL_Driver/Src/stm32f1xx_hal.c Drivers/STM32F1xx_HAL_Driver/Inc/stm32f1xx_hal.h Core/Inc/stm32f1xx_hal_conf.h Drivers/STM32F1xx_HAL_Driver/Inc/stm32f1xx_hal_rcc.h Drivers/STM32F1xx_HAL_Driver/Inc/stm32f1xx_hal_def.h Drivers/CMSIS/Device/ST/STM32F1xx/Include/stm32f1xx.h Drivers/CMSIS/Device/ST/STM32F1xx/Include/stm32f103xb.h Drivers/CMSIS/Include/core_cm3.h Drivers/CMSIS/Include/cmsis_version.h Drivers/CMSIS/Include/cmsis_compiler.h Drivers/CMSIS/Include/cmsis_gcc.h Drivers/CMSIS/Device/ST/STM32F1xx/Include/system_stm32f1xx.h Drivers/STM32F1xx_HAL_Driver/Inc/Legacy/stm32_hal_legacy.h Drivers/STM32F1xx_HAL_Driver/Inc/stm32f1xx_hal_rcc_ex.h Drivers/STM32F1xx_HAL_Driver/Inc/stm32f1xx_hal_gpio.h Drivers/STM32F1xx_HAL_Driver/Inc/stm32f1xx_hal_gpio_ex.h Drivers/STM32F1xx_HAL_Driver/Inc/stm32f1xx_hal_exti.h Drivers/STM32F1xx_HAL_Driver/Inc/stm32f1xx_hal_dma.h Drivers/STM32F1xx_HAL_Driver/Inc/stm32f1xx_hal_dma_ex.h Drivers/STM32F1xx_HAL_Driver/Inc/stm32f1xx_hal_cortex.h Drivers/STM32F1xx_HAL_Driver/Inc/stm32f1xx_hal_flash.h Drivers/STM32F1xx_HAL_Driver/Inc/stm32f1xx_hal_flash_ex.h Drivers/STM32F1xx_HAL_Driver/Inc/stm32f1xx_hal_pwr.h
#  Implicit rule search has not been done.
#  Modification time never checked.
#  File has not been updated.

all: build/STM32Blinky.elf build/STM32Blinky.hex build/STM32Blinky.bin
#  Command-line target.
#  Implicit rule search has been done.
#  File does not exist.
#  File has been updated.
#  Needs to be updated (-q is set).
# variable set hash-table stats:
# Load=0/32=0%, Rehash=0, Collisions=0/13=0%

# Not a target:
Drivers/STM32F1xx_HAL_Driver/Src/stm32f1xx_hal_rcc.c:
#  Implicit rule search has not been done.
#  Modification time never checked.
#  File has not been updated.

build/stm32f1xx_hal_rcc.o: Drivers/STM32F1xx_HAL_Driver/Src/stm32f1xx_hal_rcc.c Drivers/STM32F1xx_HAL_Driver/Inc/stm32f1xx_hal.h Core/Inc/stm32f1xx_hal_conf.h Drivers/STM32F1xx_HAL_Driver/Inc/stm32f1xx_hal_rcc.h Drivers/STM32F1xx_HAL_Driver/Inc/stm32f1xx_hal_def.h Drivers/CMSIS/Device/ST/STM32F1xx/Include/stm32f1xx.h Drivers/CMSIS/Device/ST/STM32F1xx/Include/stm32f103xb.h Drivers/CMSIS/Include/core_cm3.h Drivers/CMSIS/Include/cmsis_version.h Drivers/CMSIS/Include/cmsis_compiler.h Drivers/CMSIS/Include/cmsis_gcc.h Drivers/CMSIS/Device/ST/STM32F1xx/Include/system_stm32f1xx.h Drivers/STM32F1xx_HAL_Driver/Inc/Legacy/stm32_hal_legacy.h Drivers/STM32F1xx_HAL_Driver/Inc/stm32f1xx_hal_rcc_ex.h Drivers/STM32F1xx_HAL_Driver/Inc/stm32f1xx_hal_gpio.h Drivers/STM32F1xx_HAL_Driver/Inc/stm32f1xx_hal_gpio_ex.h Drivers/STM32F1xx_HAL_Driver/Inc/stm32f1xx_hal_exti.h Drivers/STM32F1xx_HAL_Driver/Inc/stm32f1xx_hal_dma.h Drivers/STM32F1xx_HAL_Driver/Inc/stm32f1xx_hal_dma_ex.h Drivers/STM32F1xx_HAL_Driver/Inc/stm32f1xx_hal_cortex.h Drivers/STM32F1xx_HAL_Driver/Inc/stm32f1xx_hal_flash.h Drivers/STM32F1xx_HAL_Driver/Inc/stm32f1xx_hal_flash_ex.h Drivers/STM32F1xx_HAL_Driver/Inc/stm32f1x 
x_hal_pwr.h
#  Implicit rule search has not been done.
#  Modification time never checked.
#  File has not been updated.

Drivers/STM32F1xx_HAL_Driver/Inc/stm32f1xx_hal_rcc_ex.h:
#  Implicit rule search has been done.
#  Last modified 2021-11-14 10:33:49
#  File has been updated.
#  Successfully updated.
# variable set hash-table stats:
# Load=0/32=0%, Rehash=0, Collisions=0/0=0%

# Not a target:
Drivers/STM32F1xx_HAL_Driver/Src/stm32f1xx_hal_exti.c:
#  Implicit rule search has not been done.
#  Modification time never checked.
#  File has not been updated.

# Not a target:
.DEFAULT:
#  Implicit rule search has not been done.
#  Modification time never checked.
#  File has not been updated.

Drivers/CMSIS/Device/ST/STM32F1xx/Include/system_stm32f1xx.h:
#  Implicit rule search has been done.
#  Last modified 2021-11-14 10:33:49
#  File has been updated.
#  Successfully updated.
# variable set hash-table stats:
# Load=0/32=0%, Rehash=0, Collisions=0/0=0%

build/stm32f1xx_hal_exti.o: Drivers/STM32F1xx_HAL_Driver/Src/stm32f1xx_hal_exti.c Drivers/STM32F1xx_HAL_Driver/Inc/stm32f1xx_hal.h Core/Inc/stm32f1xx_hal_conf.h Drivers/STM32F1xx_HAL_Driver/Inc/stm32f1xx_hal_rcc.h Drivers/STM32F1xx_HAL_Driver/Inc/stm32f1xx_hal_def.h Drivers/CMSIS/Device/ST/STM32F1xx/Include/stm32f1xx.h Drivers/CMSIS/Device/ST/STM32F1xx/Include/stm32f103xb.h Drivers/CMSIS/Include/core_cm3.h Drivers/CMSIS/Include/cmsis_version.h Drivers/CMSIS/Include/cmsis_compiler.h Drivers/CMSIS/Include/cmsis_gcc.h Drivers/CMSIS/Device/ST/STM32F1xx/Include/system_stm32f1xx.h Drivers/STM32F1xx_HAL_Driver/Inc/Legacy/stm32_hal_legacy.h Drivers/STM32F1xx_HAL_Driver/Inc/stm32f1xx_hal_rcc_ex.h Drivers/STM32F1xx_HAL_Driver/Inc/stm32f1xx_hal_gpio.h Drivers/STM32F1xx_HAL_Driver/Inc/stm32f1xx_hal_gpio_ex.h Drivers/STM32F1xx_HAL_Driver/Inc/stm32f1xx_hal_exti.h Drivers/STM32F1xx_HAL_Driver/Inc/stm32f1xx_hal_dma.h Drivers/STM32F1xx_HAL_Driver/Inc/stm32f1xx_hal_dma_ex.h Drivers/STM32F1xx_HAL_Driver/Inc/stm32f1xx_hal_cortex.h Drivers/STM32F1xx_HAL_Driver/Inc/stm32f1xx_hal_flash. 
h Drivers/STM32F1xx_HAL_Driver/Inc/stm32f1xx_hal_flash_ex.h Drivers/STM32F1xx_HAL_Driver/Inc/stm32f1xx_hal_pwr.h
#  Implicit rule search has not been done.
#  Modification time never checked.
#  File has not been updated.

build/startup_stm32f103xb.o: startup_stm32f103xb.s
#  Implicit rule search has not been done.
#  Modification time never checked.
#  File has not been updated.

Drivers/STM32F1xx_HAL_Driver/Inc/Legacy/stm32_hal_legacy.h:
#  Implicit rule search has been done.
#  Last modified 2021-11-14 10:33:49
#  File has been updated.
#  Successfully updated.
# variable set hash-table stats:
# Load=0/32=0%, Rehash=0, Collisions=0/0=0%

# Not a target:
build/STM32Blinky.hex:
#  Implicit rule search has not been done.
#  Modification time never checked.
#  File has not been updated.

# Not a target:
Drivers/STM32F1xx_HAL_Driver/Src/stm32f1xx_hal_gpio_ex.c:
#  Implicit rule search has not been done.
#  Modification time never checked.
#  File has not been updated.

build/stm32f1xx_it.o: Core/Src/stm32f1xx_it.c Core/Inc/main.h Drivers/STM32F1xx_HAL_Driver/Inc/stm32f1xx_hal.h Core/Inc/stm32f1xx_hal_conf.h Drivers/STM32F1xx_HAL_Driver/Inc/stm32f1xx_hal_rcc.h Drivers/STM32F1xx_HAL_Driver/Inc/stm32f1xx_hal_def.h Drivers/CMSIS/Device/ST/STM32F1xx/Include/stm32f1xx.h Drivers/CMSIS/Device/ST/STM32F1xx/Include/stm32f103xb.h Drivers/CMSIS/Include/core_cm3.h Drivers/CMSIS/Include/cmsis_version.h Drivers/CMSIS/Include/cmsis_compiler.h Drivers/CMSIS/Include/cmsis_gcc.h Drivers/CMSIS/Device/ST/STM32F1xx/Include/system_stm32f1xx.h Drivers/STM32F1xx_HAL_Driver/Inc/Legacy/stm32_hal_legacy.h Drivers/STM32F1xx_HAL_Driver/Inc/stm32f1xx_hal_rcc_ex.h Drivers/STM32F1xx_HAL_Driver/Inc/stm32f1xx_hal_gpio.h Drivers/STM32F1xx_HAL_Driver/Inc/stm32f1xx_hal_gpio_ex.h Drivers/STM32F1xx_HAL_Driver/Inc/stm32f1xx_hal_exti.h Drivers/STM32F1xx_HAL_Driver/Inc/stm32f1xx_hal_dma.h Drivers/STM32F1xx_HAL_Driver/Inc/stm32f1xx_hal_dma_ex.h Drivers/STM32F1xx_HAL_Driver/Inc/stm32f1xx_hal_cortex.h Drivers/STM32F1xx_HAL_Driver/Inc/stm32f1xx_hal_flash.h Driv 
ers/STM32F1xx_HAL_Driver/Inc/stm32f1xx_hal_flash_ex.h Drivers/STM32F1xx_HAL_Driver/Inc/stm32f1xx_hal_pwr.h Core/Inc/stm32f1xx_it.h
#  Implicit rule search has not been done.
#  Modification time never checked.
#  File has not been updated.

# Not a target:
build/stm32f1xx_hal_tim.d:
#  A default, MAKEFILES, or -include/sinclude makefile.
#  Implicit rule search has been done.
#  Last modified 2021-11-14 19:50:49
#  File has been updated.
#  Successfully updated.
# variable set hash-table stats:
# Load=0/32=0%, Rehash=0, Collisions=0/0=0%

build/stm32f1xx_hal_gpio_ex.o: Drivers/STM32F1xx_HAL_Driver/Src/stm32f1xx_hal_gpio_ex.c Drivers/STM32F1xx_HAL_Driver/Inc/stm32f1xx_hal.h Core/Inc/stm32f1xx_hal_conf.h Drivers/STM32F1xx_HAL_Driver/Inc/stm32f1xx_hal_rcc.h Drivers/STM32F1xx_HAL_Driver/Inc/stm32f1xx_hal_def.h Drivers/CMSIS/Device/ST/STM32F1xx/Include/stm32f1xx.h Drivers/CMSIS/Device/ST/STM32F1xx/Include/stm32f103xb.h Drivers/CMSIS/Include/core_cm3.h Drivers/CMSIS/Include/cmsis_version.h Drivers/CMSIS/Include/cmsis_compiler.h Drivers/CMSIS/Include/cmsis_gcc.h Drivers/CMSIS/Device/ST/STM32F1xx/Include/system_stm32f1xx.h Drivers/STM32F1xx_HAL_Driver/Inc/Legacy/stm32_hal_legacy.h Drivers/STM32F1xx_HAL_Driver/Inc/stm32f1xx_hal_rcc_ex.h Drivers/STM32F1xx_HAL_Driver/Inc/stm32f1xx_hal_gpio.h Drivers/STM32F1xx_HAL_Driver/Inc/stm32f1xx_hal_gpio_ex.h Drivers/STM32F1xx_HAL_Driver/Inc/stm32f1xx_hal_exti.h Drivers/STM32F1xx_HAL_Driver/Inc/stm32f1xx_hal_dma.h Drivers/STM32F1xx_HAL_Driver/Inc/stm32f1xx_hal_dma_ex.h Drivers/STM32F1xx_HAL_Driver/Inc/stm32f1xx_hal_cortex.h Drivers/STM32F1xx_HAL_Driver/Inc/stm32f1xx_hal_flash.h Drivers/STM32F1xx_HAL_Driver/Inc/stm32f1xx_hal_flash_ex.h Drivers/STM32F1xx_HAL_Driver/Inc/stm32f1xx_hal_pwr.h
#  Implicit rule search has not been done.
#  Modification time never checked.
#  File has not been updated.

Core/Inc/stm32f1xx_hal_conf.h:
#  Implicit rule search has been done.
#  Last modified 2021-11-16 12:45:45
#  File has been updated.
#  Successfully updated.
# variable set hash-table stats:
# L 
oad=0/32=0%, Rehash=0, Collisions=0/0=0%

# Not a target:
makefile:
#  Implicit rule search has been done.
#  Last modified 2021-11-16 12:45:52
#  File has been updated.
#  Successfully updated.
# variable set hash-table stats:
# Load=0/32=0%, Rehash=0, Collisions=0/0=0%

# Not a target:
build/system_stm32f1xx.d:
#  A default, MAKEFILES, or -include/sinclude makefile.
#  Implicit rule search has been done.
#  Last modified 2021-11-14 19:50:52
#  File has been updated.
#  Successfully updated.
# variable set hash-table stats:
# Load=0/32=0%, Rehash=0, Collisions=0/0=0%

# Not a target:
Drivers/STM32F1xx_HAL_Driver/Src/stm32f1xx_hal_rcc_ex.c:
#  Implicit rule search has not been done.
#  Modification time never checked.
#  File has not been updated.

build:
#  Implicit rule search has not been done.
#  Last modified 2021-11-15 22:16:37
#  File has been updated.
#  Successfully updated.
#  commands to execute (from `makefile', line 175):
	mkdir $@		
	

build/stm32f1xx_hal_rcc_ex.o: Drivers/STM32F1xx_HAL_Driver/Src/stm32f1xx_hal_rcc_ex.c Drivers/STM32F1xx_HAL_Driver/Inc/stm32f1xx_hal.h Core/Inc/stm32f1xx_hal_conf.h Drivers/STM32F1xx_HAL_Driver/Inc/stm32f1xx_hal_rcc.h Drivers/STM32F1xx_HAL_Driver/Inc/stm32f1xx_hal_def.h Drivers/CMSIS/Device/ST/STM32F1xx/Include/stm32f1xx.h Drivers/CMSIS/Device/ST/STM32F1xx/Include/stm32f103xb.h Drivers/CMSIS/Include/core_cm3.h Drivers/CMSIS/Include/cmsis_version.h Drivers/CMSIS/Include/cmsis_compiler.h Drivers/CMSIS/Include/cmsis_gcc.h Drivers/CMSIS/Device/ST/STM32F1xx/Include/system_stm32f1xx.h Drivers/STM32F1xx_HAL_Driver/Inc/Legacy/stm32_hal_legacy.h Drivers/STM32F1xx_HAL_Driver/Inc/stm32f1xx_hal_rcc_ex.h Drivers/STM32F1xx_HAL_Driver/Inc/stm32f1xx_hal_gpio.h Drivers/STM32F1xx_HAL_Driver/Inc/stm32f1xx_hal_gpio_ex.h Drivers/STM32F1xx_HAL_Driver/Inc/stm32f1xx_hal_exti.h Drivers/STM32F1xx_HAL_Driver/Inc/stm32f1xx_hal_dma.h Drivers/STM32F1xx_HAL_Driver/Inc/stm32f1xx_hal_dma_ex.h Drivers/STM32F1xx_HAL_Driver/Inc/stm32f1xx_hal_cortex.h Drivers/STM32F1xx_HAL_Driver/Inc/stm32f1xx_hal_flash. 
h Drivers/STM32F1xx_HAL_Driver/Inc/stm32f1xx_hal_flash_ex.h Drivers/STM32F1xx_HAL_Driver/Inc/stm32f1xx_hal_pwr.h
#  Implicit rule search has not been done.
#  Modification time never checked.
#  File has not been updated.

# Not a target:
build/stm32f1xx_hal_pwr.d:
#  A default, MAKEFILES, or -include/sinclude makefile.
#  Implicit rule search has been done.
#  Last modified 2021-11-14 19:50:51
#  File has been updated.
#  Successfully updated.
# variable set hash-table stats:
# Load=0/32=0%, Rehash=0, Collisions=0/0=0%

build/STM32Blinky.elf: build/main.o build/stm32f1xx_it.o build/stm32f1xx_hal_msp.o build/stm32f1xx_hal_gpio_ex.o build/stm32f1xx_hal_tim.o build/stm32f1xx_hal_tim_ex.o build/stm32f1xx_hal.o build/stm32f1xx_hal_rcc.o build/stm32f1xx_hal_rcc_ex.o build/stm32f1xx_hal_gpio.o build/stm32f1xx_hal_dma.o build/stm32f1xx_hal_cortex.o build/stm32f1xx_hal_pwr.o build/stm32f1xx_hal_flash.o build/stm32f1xx_hal_flash_ex.o build/stm32f1xx_hal_exti.o build/system_stm32f1xx.o build/startup_stm32f103xb.o makefile
#  Implicit rule search has not been done.
#  Last modified 2021-11-15 22:16:37
#  File has been updated.
#  Needs to be updated (-q is set).
# variable set hash-table stats:
# Load=0/32=0%, Rehash=0, Collisions=0/13=0%
#  commands to execute (from `makefile', line 165):
	$(CC) $(OBJECTS) $(LDFLAGS) -o $@
	$(SZ) $@
	

Drivers/STM32F1xx_HAL_Driver/Inc/stm32f1xx_hal_pwr.h:
#  Implicit rule search has been done.
#  Last modified 2021-11-14 10:33:49
#  File has been updated.
#  Successfully updated.
# varia 
ble set hash-table stats:
# Load=0/32=0%, Rehash=0, Collisions=0/0=0%

# Not a target:
build/stm32f1xx_hal_flash.d:
#  A default, MAKEFILES, or -include/sinclude makefile.
#  Implicit rule search has been done.
#  Last modified 2021-11-14 19:50:51
#  File has been updated.
#  Successfully updated.
# variable set hash-table stats:
# Load=0/32=0%, Rehash=0, Collisions=0/0=0%

# Not a target:
build/stm32f1xx_hal_dma.d:
#  A default, MAKEFILES, or -include/sinclude makefile.
#  Implicit rule search has been don 
e.
#  Last modified 2021-11-14 19:50:50
#  File has been updated.
#  Successfully updated.
# variable set hash-table stats:
# Load=0/32=0%, Rehash=0, Collisions=0/0=0%

# Not a target:
build/stm32f1xx_hal_tim_ex.d:
#  A default, MAKEFILES, or -include/sinclude makefile.
#  Implicit rule search has been done.
#  Last modified 2021-11-14 19:50:49
#  File has been updated.
#  Successfully updated.
# variable set hash-table stats:
# Load=0/32=0%, Rehash=0, Collisions=0/0=0%

# Not a target:
.SUFFIXES:
#  Implicit rule search has not been done.
#  Modification time never checked.
#  File has not been updated.

Drivers/STM32F1xx_HAL_Driver/Inc/stm32f1xx_hal_flash.h:
#  Implicit rule search has been done.
#  Last modified 2021-11-14 10:33:49
#  File has been updated.
#  Successfully updated.
# variable set hash-table stats:
# Load=0/32=0%, Rehash=0, Collisions=0/0=0%

# Not a target:
Core/Src/system_stm32f1xx.c:
#  Implicit rule search has not been done.
#  Modification time never checked.
#  File has not been updat 
ed.

# Not a target:
Drivers/STM32F1xx_HAL_Driver/Src/stm32f1xx_hal_tim.c:
#  Implicit rule search has not been done.
#  Modification time never checked.
#  File has not been updated.

# Not a target:
build/STM32Blinky.bin:
#  Implicit rule search has not been done.
#  Modification time never checked.
#  File has not been updated.

Drivers/CMSIS/Device/ST/STM32F1xx/Include/stm32f1xx.h:
#  Implicit rule search has been done.
#  Last modified 2021-11-14 10:33:49
#  File has been updated.
#  Successfully updated.
# variable set hash-table stats:
# Load=0/32=0%, Rehash=0, Collisions=0/0=0%

build/stm32f1xx_hal_tim.o: Drivers/STM32F1xx_HAL_Driver/Src/stm32f1xx_hal_tim.c Drivers/STM32F1xx_HAL_Driver/Inc/stm32f1xx_hal.h Core/Inc/stm32f1xx_hal_conf.h Drivers/STM32F1xx_HAL_Driver/Inc/stm32f1xx_hal_rcc.h Drivers/STM32F1xx_HAL_Driver/Inc/stm32f1xx_hal_def.h Drivers/CMSIS/Device/ST/STM32F1xx/Include/stm32f1xx.h Drivers/CMSIS/Device/ST/STM32F1xx/Include/stm32f103xb.h Drivers/CMSIS/Include/core_cm3.h Drivers/CMSIS/Include/cmsis_version.h Drivers/CMSIS/Include/cmsis_compiler.h Drivers/CMSIS/Include/cmsis_gcc.h Drivers/CMSIS/Device/ST/STM32F1xx/Include/system_stm32f1xx.h Drivers/STM32F1xx_HAL_Driver/Inc/Legacy/stm32_hal_legacy.h Drivers/STM32F1xx_HAL_Driver/Inc/stm32f1xx_hal_rcc_ex.h Drivers/STM32F1xx_HAL_Driver/Inc/stm32f1xx_hal_gpio.h Drivers/STM32F1xx_HAL_Driver/Inc/stm32f1xx_hal_gpio_ex.h Drivers/STM32F1xx_HAL_Driver/Inc/stm32f1xx_hal_exti.h Drivers/STM32F1xx_HAL_Driver/Inc/stm32f1xx_hal_dma.h Drivers/STM32F1xx_HAL_Driver/Inc/stm32f1xx_hal_dma_ex.h Drivers/STM32F1xx_HAL_Driver/Inc/stm32f1xx_hal_cortex.h Drivers/STM32F1xx_HAL_Driver/Inc/stm32f1xx_hal_flash.h Drivers/STM32F1xx_HAL_Driver/Inc/stm32f1xx_hal_flash_ex.h Drivers/STM32F1xx_HAL_Driver/Inc/stm32f1xx_hal_pwr.h
#  Implicit rule search has not been done.
#  Modification time never checked.
#  File has not been updated.

Drivers/STM32F1xx_HAL_Driver/Inc/stm32f1xx_hal_dma.h:
#  Implicit rule search has been done.
#  Last modified 2021-11-14 10:33:49
#  File has been updated.
#  Successfully updated.
# variable set hash-table stats:
# Load=0/32=0%, Rehash=0, Collisions=0/0=0%

build/system_stm32f1xx.o: Core/Src/system_stm32f1xx.c Drivers/CMSIS/Device/ST/STM32F1xx/Include/stm32f1xx.h Drivers/CMSIS/Device/ST/STM32F1xx/Include/stm32f103xb.h Drivers/CMSIS/Include/core_cm3.h Drivers/CMSIS/Include/cmsis_version.h Drivers/CMSIS/Include/cmsis_compiler.h Drivers/CMSIS/Include/cmsis_gcc.h Drivers/CMSIS/Device/ST/STM32F1xx/Include/system_stm32f1xx.h Drivers/STM32F1xx_HAL_Driver/Inc/stm32f1xx_hal.h Core/Inc/stm32f1xx_hal_conf.h Drivers/STM32F1xx_HAL_Driver/Inc/stm32f1xx_hal_rcc.h Drivers/STM32F1xx_HAL_Driver/Inc/stm32f1xx_hal_def.h Drivers/STM32F1xx_HAL_Driver/Inc/Legacy/stm32_hal_legacy.h Drivers/STM32F1xx_HAL_Driver/Inc/stm32f1xx_hal_rcc_ex.h Drivers/STM32F1xx_HAL_Driver/Inc/stm32f1xx_hal_gpio.h Drivers/STM32F1xx_HAL_Driver/Inc/stm32f1xx_hal_gpio_ex.h Drivers/STM32F1xx_HAL_Driver/Inc/stm32f1xx_hal_exti.h Drivers/STM32F1xx_HAL_Driver/Inc/stm32f1xx_hal_dma.h Drivers/STM32F1xx_HAL_Driver/In 
c/stm32f1xx_hal_dma_ex.h Drivers/STM32F1xx_HAL_Driver/Inc/stm32f1xx_hal_cortex.h Drivers/STM32F1xx_HAL_Driver/Inc/stm32f1xx_hal_flash.h Drivers/STM32F1xx_HAL_Driver/Inc/stm32f1xx_hal_flash_ex.h Drivers/STM32F1xx_HAL_Driver/Inc/stm32f1xx_hal_pwr.h
#  Implicit rule search has not been done.
#  Modification time never checked.
#  File has not been updated.

# Not a target:
build/stm32f1xx_hal_cortex.d:
#  A default, MAKEFILES, or -include/sinclude makefile.
#  Implicit rule search has been done.
#  Last modified 2021-11-14 19:50:50
#  File has been updated.
#  Successfully updated.
# variable set hash-table stats:
# Load=0/32=0%, Rehash=0, Collisions=0/0=0%

# Not a target:
Drivers/STM32F1xx_HAL_Driver/Src/stm32f1xx_hal_pwr.c:
#  Implicit rule search has not been done.
#  Modification time never checked.
#  File has not been updated.

build/stm32f1xx_hal_pwr.o: Drivers/STM32F1xx_HAL_Driver/Src/stm32f1xx_hal_pwr.c Drivers/STM32F1xx_HAL_Driver/Inc/stm32f1xx_hal.h Core/Inc/stm32f1xx_hal_conf.h Drivers/STM32F1xx_HAL_Driver/Inc/stm32f1xx_hal_rcc.h Drivers/STM32F1xx_HAL_Driver/Inc/stm32f1xx_hal_def.h Drivers/CMSIS/Device/ST/STM32F1xx/Include/stm32f1xx.h Drivers/CMSIS/Device/ST/STM32F1xx/Include/stm32f103xb.h Drivers/CMSIS/Include/core_cm3.h Drivers/CMSIS/Include/cmsis_version.h Drivers/CMSIS/Include/cmsis_compiler.h Drivers/CMSIS/Include/cmsis_gcc.h Drivers/CMSIS/Device/ST/STM32F1xx/Include/system_stm32f1xx.h Drivers/STM32F1xx_HAL_Driver/Inc/Legacy/stm32_hal_legacy.h Drivers/STM32F1xx_HAL_Driver/Inc/stm32f1xx_hal_rcc_ex.h Drivers/STM32F1xx_HAL_Driver/Inc/stm32f1xx_hal_gpio.h Drivers/STM32F1xx_HAL_Driver/Inc/stm32f1xx_hal_gpio_ex.h Drivers/STM32F1xx_HAL_Driver/Inc/stm32f1xx_hal_exti.h Drivers/STM32F1xx_HAL_Driver/Inc/stm32f1xx_hal_dma.h Drivers/STM32F1xx_HAL_Driver/Inc/stm32f1xx_hal_dma_ex.h Drivers/STM32F1xx_HAL_Driver/Inc/stm32f1xx_hal_cortex.h Drivers/STM32F1xx_HAL_Driver/Inc/stm32f1xx_hal_flash.h Drivers/STM32F1xx_HAL_Driver/Inc/stm32f1xx_hal_flash_ex.h Drivers/STM32F1xx_HAL_Driver/Inc/stm32f1xx_hal_pwr.h
#  Implicit rule search has not been done.
#  Modification time never checked.
#  File has not been updated.

Core/Inc/main.h:
#  Implicit rule search has been done.
#  Last modified 2021-11-16 12:45:45
#  File has been updated.
#  Successfully updated.
# variable set hash-table stats:
# Load=0/32=0%, Rehash=0, Collisions=0/0=0%

clean:
#  Implicit rule search has not been done.
#  Modification time never checked.
#  File has not been updated.
#  commands to execute (from `makefile', line 181):
	-rm -fR $(BUILD_DIR)
	

 
# Not a target:
build/stm32f1xx_hal_flash_ex.d:
#  A default, MAKEFILES, or -include/sinclude makefile.
#  Implicit rule search has been done.
#  Last modified 2021-11-14 19:50:51
#  File has been updated.
#  Successfully updated.
# variable set hash-table stats:
# Load=0/32=0%, Rehash=0, Collisions=0/0=0%

Drivers/CMSIS/Include/cmsis_version.h:
#  Implicit rule search has been done.
#  Last modified 2021-11-14 10:32:51
#  File has been updated.
#  Successfully updated.
# variable set hash-table stats:
# Load=0/32=0%, Rehash=0, Collisions=0/0=0%

Drivers/CMSIS/Include/core_cm3.h:
#  Implicit rule search has been done.
#  Last modified 2021-11-14 10:32:51
#  File has been updated.
#  Successfully updated.
# variable set hash-table stats:
# Load=0/32=0%, Rehash=0, Collisions=0/0=0%

Drivers/STM32F1xx_HAL_Driver/Inc/stm32f1xx_hal_cortex.h:
#  Implicit rule search has been done.
#  Last modified 2021-11-14 10:33:49
#  File has been updated.
#  Successfully updated.
# variable set hash-table stats:
# Load=0/32=0%, 
 Rehash=0, Collisions=0/0=0%

Drivers/CMSIS/Include/cmsis_gcc.h:
#  Implicit rule search has been done.
#  Last modified 2021-11-14 10:32:51
#  File has been updated.
#  Successfully updated.
# variable set hash-table stats:
# Load=0/32=0%, Rehash=0, Collisions=0/0=0%

# Not a target:
Drivers/STM32F1xx_HAL_Driver/Src/stm32f1xx_hal_flash.c:
#  Implicit rule search has not been done.
#  Modification time never checked.
#  File has not been updated.

build/stm32f1xx_hal_flash.o: Drivers/STM32F1xx_HAL_Driver/Src/stm32f1xx_hal_flash.c Drivers/STM32F1xx_HAL_Driver/Inc/stm32f1xx_hal.h Core/Inc/stm32f1xx_hal_conf.h Drivers/STM32F1xx_HAL_Driver/Inc/stm32f1xx_hal_rcc.h Drivers/STM32F1xx_HAL_Driver/Inc/stm32f1xx_hal_def.h Drivers/CMSIS/Device/ST/STM32F1xx/Include/stm32f1xx.h Drivers/CMSIS/Device/ST/STM32F1xx/Include/stm32f103xb.h Drivers/CMSIS/Include/core_cm3.h Drivers/CMSIS/Include/cmsis_version.h Drivers/CMSIS/Include/cmsis_compiler.h Drivers/CMSIS/Include/cmsis_gcc.h Drivers/CMSIS/Device/ST/STM32F1xx/Include/system_stm32f1xx.h Drivers/STM32F1xx_HAL_Driver/Inc/Legacy/stm32_hal_legacy.h Drivers/STM32F1xx_HAL_Driver/Inc/stm32f1xx_hal_rcc_ex.h Drivers/STM32F1xx_HAL_Driver/Inc/stm32f1xx_hal_gpio.h Drivers/STM32F1xx_HAL_Driver/Inc/stm32f1xx_hal_gpio_ex.h Drivers/STM32F1xx_HAL_Driver/Inc/stm32f1xx_hal_exti.h Drivers/STM32F1xx_HAL_Driver/Inc/stm32f1xx_hal_dma.h Drivers/STM32F1xx_HAL_Driver/Inc/stm32f1xx_hal_dma_ex.h Drivers/STM32F1xx_HAL_Driver/Inc/stm32f1xx_hal_cortex.h Drivers/STM32F1xx_HAL_Driver/Inc/stm32f1xx_hal_flash.h Drivers/STM32F1xx_HAL_Driver/Inc/stm32f1xx_hal_flash_ex.h Drivers/STM32F1xx_HAL_Driver/Inc/stm32f1xx_hal_pwr.h
#  Implicit rule search has not been done.
#  Modification time never checked.
#  File has not been updated.

Drivers/STM32F1xx_HAL_Driver/Inc/stm32f1xx_hal_flash_ex.h:
#  Implicit rule search has been done.
#  Last modified 2021-11-14 10:33:49
#  File has been updated.
#  Successfully updated.
# variable set hash-table stats:
# Load=0/32=0%, Rehash=0, Collisions=0/0=0%

# Not a target:
build/stm32 
f1xx_hal_msp.d:
#  A default, MAKEFILES, or -include/sinclude makefile.
#  Implicit rule search has been done.
#  Last modified 2021-11-14 19:50:48
#  File has been updated.
#  Successfully updated.
# variable set hash-table stats:
# Load=0/32=0%, Rehash=0, Collisions=0/0=0%

# Not a target:
build/main.d:
#  A default, MAKEFILES, or -include/sinclude makefile.
#  Implicit rule search has been done.
#  Last modified 2021-11-15 22:16:36
#  File has been updated.
#  Successfully updated.
# variable set hash-table stats:
# Load=0/32=0%, Rehash=0, Collisions=0/0=0%

# Not a target:
build/stm32f1xx_hal_gpio.d:
#  A default, MAKEFILES, or -include/sinclude makefile.
#  Implicit rule search has been done.
#  Last modified 2021-11-14 19:50:50
#  File has been updated.
#  Successfully updated.
# variable set hash-table stats:
# Load=0/32=0%, Rehash=0, Collisions=0/0=0%

# Not a target:
Drivers/STM32F1xx_HAL_Driver/Src/stm32f1xx_hal_dma.c:
#  Implicit rule search has not been done.
#  Modification time never checked.
#  
 File has not been updated.

# Not a target:
Drivers/STM32F1xx_HAL_Driver/Src/stm32f1xx_hal_tim_ex.c:
#  Implicit rule search has not been done.
#  Modification time never checked.
#  File has not been updated.

build/stm32f1xx_hal_dma.o: Drivers/STM32F1xx_HAL_Driver/Src/stm32f1xx_hal_dma.c Drivers/STM32F1xx_HAL_Driver/Inc/stm32f1xx_hal.h Core/Inc/stm32f1xx_hal_conf.h Drivers/STM32F1xx_HAL_Driver/Inc/stm32f1xx_hal_rcc.h Drivers/STM32F1xx_HAL_Driver/Inc/stm32f1xx_hal_def.h Drivers/CMSIS/Device/ST/STM32F1xx/Include/stm32f1xx.h Drivers/CMSIS/Device/ST/STM32F1xx/Include/stm32f103xb.h Drivers/CMSIS/Include/core_cm3.h Drivers/CMSIS/Include/cmsis_version.h Drivers/CMSIS/Include/cmsis_compiler.h Drivers/CMSIS/Include/cmsis_gcc.h Drivers/CMSIS/Device/ST/STM32F1xx/Include/system_stm32f1xx.h Drivers/STM32F1xx_HAL_Driver/Inc/Legacy/stm32_hal_legacy.h Drivers/STM32F1xx_HAL_Driver/Inc/stm32f1xx_hal_rcc_ex.h Drivers/STM32F1xx_HAL_Driver/Inc/stm32f1xx_hal_gpio.h Drivers/STM32F1xx_HAL_Driver/Inc/stm32f1xx_hal_gpio_ex.h Drivers/STM32F1xx_HAL_Driver/Inc/stm32f1xx_hal_exti.h Drivers/STM32F1xx_HAL_Driver/Inc/stm32f1xx_hal_dma.h Drivers/STM32F1xx_HAL_Driver/Inc/stm32f1xx_hal_dma_ex.h Drivers/STM32F1xx_HAL_Driver/Inc/stm32f1xx_hal_cortex.h Drivers/STM32F1xx_HAL_Driver/Inc/stm32f1xx_hal_flash.h Drivers/STM32F1xx_HAL_Driver/Inc/stm32f1xx_hal_flash_ex.h Drivers/STM32F1xx_HAL_Driver/Inc/stm32f1xx_hal_pwr.h
#  Implicit rule search has not been done.
#  Modification time never checked.
#  File has not been updated.

build/stm32f1xx_hal_tim_ex.o: Drivers/STM32F1xx_HAL_Driver/Src/stm32f1xx_hal_tim_ex.c Drivers/STM32F1xx_HAL_Driver/Inc/stm32f1xx_hal.h Core/Inc/stm32f1xx_hal_conf.h Drivers/STM32F1xx_HAL_Driver/Inc/stm32f1xx_hal_rcc.h Drivers/STM32F1xx_HAL_Driver/Inc/stm32f1xx_hal_def.h Drivers/CMSIS/Device/ST/STM32F1xx/Include/stm32f1xx.h Drivers/CMSIS/Device/ST/STM32F1xx/Include/stm32f103xb.h Drivers/CMSIS/Include/core_cm3.h Drivers/CMSIS/Include/cmsis_version.h Drivers/CMSIS/Include/cmsis_compiler.h Drivers/CMSIS/Include/cmsis_gcc.h Drivers/CMSIS/Device/ST/STM32F1xx/Include/system_stm32f1xx.h Drivers/STM32F1xx_HAL_Driver/Inc/Legacy/stm32_hal_legacy.h Drivers/STM32F1xx_HAL_Driver/Inc/stm32f1xx_hal_rcc_ex.h Drivers/STM32F1xx_HAL_Driver/Inc/stm32f1xx_hal_gpio.h Drivers/STM32F1xx_HAL_Driver/Inc/stm32f1xx_hal_gpio_ex.h Drivers/STM32F1xx_HAL_Driver/Inc/stm32f1xx_hal_exti.h Drivers/STM32F1xx_HAL_Driver/Inc/stm32f1xx_hal_dma.h Drivers/STM32F1xx_HAL_Driver/Inc/stm32f1xx_hal_dma_ex.h Drivers/STM32F1xx_HAL_Driver/Inc/stm32f1xx_hal_cortex.h Drivers/STM32F1xx_HAL_Driver/Inc/stm32f1xx_hal_flash.h Drivers/STM32F1xx_HAL_Driver/Inc/stm32f1xx_hal_flash_ex.h Drivers/STM32F1xx_HAL_Driver/Inc/stm32f1xx_hal_pwr.h
#  Implicit rule search has not been done.
#  Modification time never checked.
#  File has not been updated.

Drivers/STM32F1xx_HAL_Driver/Inc/stm32f1xx_hal_dma_ex.h:
#  Implicit rule search has been done.
#  Last modified 2021-11-14 10:33:49
#  File has been updated.
#  Successfully updated.
# variable set hash-table stats:
# Load=0/32=0%, Rehash=0, Collision 
s=0/0=0%

# Not a target:
build/stm32f1xx_hal.d:
#  A default, MAKEFILES, or -include/sinclude makefile.
#  Implicit rule search has been done.
#  Last modified 2021-11-14 19:50:49
#  File has been updated.
#  Successfully updated.
# variable set hash-table stats:
# Load=0/32=0%, Rehash=0, Collisions=0/0=0%

Drivers/STM32F1xx_HAL_Driver/Inc/stm32f1xx_hal_def.h:
#  Implicit rule search has been done.
#  Last modified 2021-11-14 10:33:49
#  File has been updated.
#  Successfully updated.
# variable set hash-table stats:
# Load=0/32=0%, Rehash=0, Collisions=0/0=0%

flash: all
#  Implicit rule search has not been done.
#  Modification time never checked.
#  File has not been updated.
#  commands to execute (from `makefile', line 187):
	openocd -f interface/stlink.cfg -f target/stm32f1x.cfg -c "program $(BUILD_DIR)/$(TARGET).elf verify reset exit"
	

# Not a target:
build/stm32f1xx_hal_rcc.d:
#  A default, MAKEFILES, or -include/sinclude makefile.
#  Implicit rule search has been done.
#  Last modified 2021-11-14  
19:50:49
#  File has been updated.
#  Successfully updated.
# variable set hash-table stats:
# Load=0/32=0%, Rehash=0, Collisions=0/0=0%

# Not a target:
Core/Src/stm32f1xx_hal_msp.c:
#  Implicit rule search has not been done.
#  Modification time never checked.
#  File has not been updated.

Drivers/STM32F1xx_HAL_Driver/Inc/stm32f1xx_hal_gpio.h:
#  Implicit rule search has been done.
#  Last modified 2021-11-14 10:33:49
#  File has been updated.
#  Successfully updated.
# variable set hash-table stats:
# Load=0/32=0%, Rehash=0, Collisions=0/0=0%

# Not a target:
Core/Src/main.c:
#  Implicit rule search has been done.
#  Last modified 2021-11-16 12:45:45
#  File has been updated.
#  Successfully updated.
# variable set hash-table stats:
# Load=0/32=0%, Rehash=0, Collisions=0/0=0%

Core/Inc/stm32f1xx_it.h:
#  Implicit rule search has not been done.
#  Modification time never checked.
#  File has not been updated.

Drivers/STM32F1xx_HAL_Driver/Inc/stm32f1xx_hal.h:
#  Implicit rule search has been done.
#  Last  
modified 2021-11-14 10:33:49
#  File has been updated.
#  Successfully updated.
# variable set hash-table stats:
# Load=0/32=0%, Rehash=0, Collisions=0/0=0%

# Not a target:
build/stm32f1xx_hal_exti.d:
#  A default, MAKEFILES, or -include/sinclude makefile.
#  Implicit rule search has been done.
#  Last modified 2021-11-14 19:50:51
#  File has been updated.
#  Successfully updated.
# variable set hash-table stats:
# Load=0/32=0%, Rehash=0, Collisions=0/0=0%

Drivers/CMSIS/Include/cmsis_compiler.h:
#  Implicit rule search has been done.
#  Last modified 2021-11-14 10:32:51
#  File has been updated.
#  Successfully updated.
# variable set hash-table stats:
# Load=0/32=0%, Rehash=0, Collisions=0/0=0%

# Not a target:
build/startup_stm32f103xb.d:
#  A default, MAKEFILES, or -include/sinclude makefile.
#  Implicit rule search has been done.
#  Last modified 2021-11-14 19:50:52
#  File has been updated.
#  Successfully updated.
# variable set hash-table stats:
# Load=0/32=0%, Rehash=0, Collisions=0/0=0%

# Not a ta 
rget:
Drivers/STM32F1xx_HAL_Driver/Src/stm32f1xx_hal_cortex.c:
#  Implicit rule search has not been done.
#  Modification time never checked.
#  File has not been updated.

Drivers/STM32F1xx_HAL_Driver/Inc/stm32f1xx_hal_rcc.h:
#  Implicit rule search has been done.
#  Last modified 2021-11-14 10:33:49
#  File has been updated.
#  Successfully updated.
# variable set hash-table stats:
# Load=0/32=0%, Rehash=0, Collisions=0/0=0%

build/stm32f1xx_hal_cortex.o: Drivers/STM32F1xx_HAL_Driver/Src/stm32f1xx_hal_cortex.c Drivers/STM32F1xx_HAL_Driver/Inc/stm32f1xx_hal.h Core/Inc/stm32f1xx_hal_conf.h Drivers/STM32F1xx_HAL_Driver/Inc/stm32f1xx_hal_rcc.h Drivers/STM32F1xx_HAL_Driver/Inc/stm32f1xx_hal_def.h Drivers/CMSIS/Device/ST/STM32F1xx/Include/stm32f1xx.h Drivers/CMSIS/Device/ST/STM32F1xx/Include/stm32f103xb.h Drivers/CMSIS/Include/core_cm3.h Drivers/CMSIS/Include/cmsis_version.h Drivers/CMSIS/Include/cmsis_compiler.h Drivers/CMSIS/Include/cmsis_gcc.h Drivers/CMSIS/Device/ST/STM32F1xx/Include/system_stm32f1xx.h Drivers/STM32F1xx_HAL_Driver/Inc/Legacy/stm32_hal_legacy.h Drivers/STM32F1xx_HAL_Driver/Inc/stm32f1xx_hal_rcc_ex.h Drivers/STM32F1xx_HAL_Driver/Inc/stm32f1xx_hal_gpio.h Drivers/STM32F1xx_HAL_Driver/Inc/stm32f1xx_hal_gpio_ex.h Drivers/STM32F1xx_HAL_Driver/Inc/stm32f1xx_hal_exti.h Drivers/STM32F1xx_HAL_Driver/Inc/stm32f1xx_hal_dma.h Drivers/STM32F1xx_HAL_Driver/Inc/stm32f1xx_hal_dma_ex.h Drivers/STM32F1xx_HAL_Driver/Inc/stm32f1xx_hal_cortex.h Drivers/STM32F1xx_HAL_Driver/Inc/stm32f1xx_hal_flash.h Drivers/STM32F1xx_HAL_Driver/Inc/stm32f1xx_hal_flash_ex.h Drivers/STM32F1xx_HAL_Driver/Inc/stm32f1xx_hal_pwr.h
#  Implicit rule search has not been done.
#  Modification time never checked.
#  File has not been updated.

# Not a target:
startup_stm32f103xb.s:
#  Implicit rule search has not been done.
#  Modification time never checked.
#  File has not been updated.

# Not a target:
Drivers/STM32F1xx_HAL_Driver/Src/stm32f1xx_hal_flash_ex.c:
#  Implicit rule search has not been done.
#  Modification time never checked.
#  Fil 
e has not been updated.

Drivers/CMSIS/Device/ST/STM32F1xx/Include/stm32f103xb.h:
#  Implicit rule search has been done.
#  Last modified 2021-11-14 10:33:48
#  File has been updated.
#  Successfully updated.
# variable set hash-table stats:
# Load=0/32=0%, Rehash=0, Collisions=0/0=0%

build/stm32f1xx_hal_flash_ex.o: Drivers/STM32F1xx_HAL_Driver/Src/stm32f1xx_hal_flash_ex.c Drivers/STM32F1xx_HAL_Driver/Inc/stm32f1xx_hal.h Core/Inc/stm32f1xx_hal_conf.h Drivers/STM32F1xx_HAL_Driver/Inc/stm32f1xx_hal_rcc.h Drivers/STM32F1xx_HAL_Driver/Inc/stm32f1xx_hal_def.h Drivers/CMSIS/Device/ST/STM32F1xx/Include/stm32f1xx.h Drivers/CMSIS/Device/ST/STM32F1xx/Include/stm32f103xb.h Drivers/CMSIS/Include/core_cm3.h Drivers/CMSIS/Include/cmsis_version.h Drivers/CMSIS/Include/cmsis_compiler.h Drivers/CMSIS/Include/cmsis_gcc.h Drivers/CMSIS/Device/ST/STM32F1xx/Include/system_stm32f1xx.h Drivers/STM32F1xx_HAL_Driver/Inc/Legacy/stm32_hal_legacy.h Drivers/STM32F1xx_HAL_Driver/Inc/stm32f1xx_hal_rcc_ex.h Drivers/STM32F1xx_HAL_Driver/Inc/stm32f1xx_hal_gpio.h Drivers/STM32F1xx_HAL_Driver/Inc/stm32f1xx_hal_gpio_ex.h Drivers/STM32F1xx_HAL_Driver/Inc/stm32f1xx_hal_exti.h Drivers/STM32F1xx_HAL_Driver/Inc/stm32f1xx_hal_dma.h Drivers/STM32F1xx_HAL_Driver/Inc/stm32f1xx_hal_dma_ex.h Drivers/STM32F1xx_HAL_Driver/Inc/stm32f1xx_hal_cortex.h Drivers/STM32F1xx_HAL_Driver/Inc/stm32f1xx_hal_flash.h Drivers/STM32F1xx_HAL_Driver/Inc/stm32f1xx_hal_flash_ex.h Drivers/STM32F1xx_HAL_Driver/Inc/stm32f1xx_hal_pwr.h
#  Implicit rule search has not been done.
#  Modification time never checked.
#  File has not been updated.

Drivers/STM32F1xx_HAL_Driver/Inc/stm32f1xx_hal_exti.h:
#  Implicit rule search has been done.
#  Last modified 2021-11-14 10:33:49
#  File has been updated.
#  Successfully updated.
# variable set hash-table stats:
# Load=0/32=0%, Rehash=0, Collisions=0/0=0%

# Not a target:
build/stm32f1xx_it.d:
#  A default, MAKEFILES, or -include/sinclude makefile.
#  Implicit rule search has been done.
#  Last modified 2021-11-14 19:50:48
#  File has been upd 
ated.
#  Successfully updated.
# variable set hash-table stats:
# Load=0/32=0%, Rehash=0, Collisions=0/0=0%

# files hash-table stats:
# Load=88/1024=9%, Rehash=0, Collisions=9/905=1%
# VPATH Search Paths

vpath %.c Core/Src;Drivers/STM32F1xx_HAL_Driver/Src

# 1 `vpath' search paths.

# No general (`VPATH' variable) search path.

# # of strings in strcache: 19
# # of strcache buffers: 1
# strcache size: total = 4096 / max = 4096 / min = 4096 / avg = 4096
# strcache free: total = 3618 / max = 3618 / min = 3618 / avg = 3618

# Finished Make data base on Tue Nov 16 21:54:29 2021

 
